<?xml version="1.0" encoding="UTF-8"?>
<!-- Generated by org.testng.reporters.JUnitReportReporter -->
<testsuite hostname="LAPTOP-A6LF78UQ" failures="0" tests="12" name="testcases.Testcase1" time="99.849" errors="0" timestamp="2024-10-16T23:04:11 IST" skipped="0">
  <testcase classname="testcases.Testcase1" name="setupDriver" time="0.001"/>
  <system-out/>
  <testcase classname="testcases.Testcase1" name="testcase1" time="22.178"/>
  <system-out/>
  <testcase classname="testcases.Testcase1" name="setupDriver" time="0.005"/>
  <system-out/>
  <testcase classname="testcases.Testcase1" name="setupDriver" time="0.003"/>
  <system-out/>
  <testcase classname="testcases.Testcase1" name="testcase1" time="23.892"/>
  <system-out/>
  <testcase classname="testcases.Testcase1" name="setupDriver" time="0.001"/>
  <system-out/>
  <testcase classname="testcases.Testcase1" name="testcase1" time="22.455"/>
  <system-out/>
  <testcase classname="testcases.Testcase1" name="testcase1" time="12.639"/>
  <system-out/>
  <testcase classname="testcases.Testcase1" name="setupDriver" time="0.004"/>
  <system-out/>
  <testcase classname="testcases.Testcase1" name="testcase1" time="4.905"/>
  <system-out/>
  <testcase classname="testcases.Testcase1" name="setupDriver" time="0.001"/>
  <system-out/>
  <testcase classname="testcases.Testcase1" name="testcase1" time="13.765"/>
  <system-out/>
</testsuite> <!-- testcases.Testcase1 -->
