<?xml version="1.0" encoding="UTF-8"?>
<!-- Generated by org.testng.reporters.JUnitReportReporter -->
<testsuite hostname="LAPTOP-A6LF78UQ" failures="0" tests="1" name="com.selenium_multithreading_testng.AppTest" time="0.010" errors="0" timestamp="2024-10-16T22:14:53 IST" skipped="0">
  <testcase classname="com.selenium_multithreading_testng.AppTest" name="shouldAnswerWithTrue" time="0.010"/>
  <system-out/>
</testsuite> <!-- com.selenium_multithreading_testng.AppTest -->
